Traceback (most recent call last):
  File "/Users/jasonkuruzovich/anaconda3/envs/tf2/lib/python3.7/site-packages/jupyter_cache/executors/basic.py", line 166, in execute
    record_timing=False,
  File "/Users/jasonkuruzovich/anaconda3/envs/tf2/lib/python3.7/site-packages/nbclient/client.py", line 1077, in execute
    return NotebookClient(nb=nb, resources=resources, km=km, **kwargs).execute()
  File "/Users/jasonkuruzovich/anaconda3/envs/tf2/lib/python3.7/site-packages/nbclient/util.py", line 74, in wrapped
    return just_run(coro(*args, **kwargs))
  File "/Users/jasonkuruzovich/anaconda3/envs/tf2/lib/python3.7/site-packages/nbclient/util.py", line 53, in just_run
    return loop.run_until_complete(coro)
  File "/Users/jasonkuruzovich/anaconda3/envs/tf2/lib/python3.7/asyncio/base_events.py", line 583, in run_until_complete
    return future.result()
  File "/Users/jasonkuruzovich/anaconda3/envs/tf2/lib/python3.7/site-packages/nbclient/client.py", line 527, in async_execute
    cell, index, execution_count=self.code_cells_executed + 1
  File "/Users/jasonkuruzovich/anaconda3/envs/tf2/lib/python3.7/site-packages/nbclient/client.py", line 822, in async_execute_cell
    self._check_raise_for_error(cell, exec_reply)
  File "/Users/jasonkuruzovich/anaconda3/envs/tf2/lib/python3.7/site-packages/nbclient/client.py", line 730, in _check_raise_for_error
    raise CellExecutionError.from_cell_and_msg(cell, exec_reply['content'])
nbclient.exceptions.CellExecutionError: An error occurred while executing the following cell:
------------------
from sympy import Symbol

x, y = Symbol('x'), Symbol('y')  # Treat 'x' and 'y' as algebraic symbols
x + x + x + y
------------------

[0;31m---------------------------------------------------------------------------[0m
[0;31mModuleNotFoundError[0m                       Traceback (most recent call last)
[0;32m<ipython-input-4-12f35fcc6d97>[0m in [0;36m<module>[0;34m[0m
[0;32m----> 1[0;31m [0;32mfrom[0m [0msympy[0m [0;32mimport[0m [0mSymbol[0m[0;34m[0m[0;34m[0m[0m
[0m[1;32m      2[0m [0;34m[0m[0m
[1;32m      3[0m [0mx[0m[0;34m,[0m [0my[0m [0;34m=[0m [0mSymbol[0m[0;34m([0m[0;34m'x'[0m[0;34m)[0m[0;34m,[0m [0mSymbol[0m[0;34m([0m[0;34m'y'[0m[0;34m)[0m  [0;31m# Treat 'x' and 'y' as algebraic symbols[0m[0;34m[0m[0;34m[0m[0m
[1;32m      4[0m [0mx[0m [0;34m+[0m [0mx[0m [0;34m+[0m [0mx[0m [0;34m+[0m [0my[0m[0;34m[0m[0;34m[0m[0m

[0;31mModuleNotFoundError[0m: No module named 'sympy'
ModuleNotFoundError: No module named 'sympy'

